Feb 04, 2019 22:32:14.406 [0x7fe0af543700] INFO - Plex Tuner Service v1.0.0.0 - Docker Docker Container x86_64 - build: 
Feb 04, 2019 22:32:14.406 [0x7fe0af543700] INFO - Linux version: 4.20.6-arch1-1-ARCH (#1 SMP PREEMPT Thu Jan 31 08:22:01 UTC 2019), language: C
Feb 04, 2019 22:32:14.406 [0x7fe0af543700] INFO - Processor Intel(R) Core(TM) i3-8100 CPU @ 3.60GHz
Feb 04, 2019 22:32:14.406 [0x7fe0af543700] INFO - /usr/lib/plexmediaserver/Plex Tuner Service /usr/lib/plexmediaserver/Resources/Tuner/Private /usr/lib/plexmediaserver/Resources/Tuner/Shared 1.14.1.5488-cc260c476 32600 /waitmutex
Feb 04, 2019 22:32:14.404 [0x7fe0b457b780] INFO - [I] broker_t::start...
Feb 04, 2019 22:32:14.406 [0x7fe0b457b780] INFO - [I] device_manager_t::init.
Feb 04, 2019 22:32:14.406 [0x7fe0b457b780] INFO - [I] device_manager_t::init. Initialize provider manager
Feb 04, 2019 22:32:14.406 [0x7fe0b457b780] INFO - [I] device_manager_t::init. Initialize all device auxes
Feb 04, 2019 22:32:14.406 [0x7fe0b457b780] INFO - [I] dvb_device_factory_t::get_aux_list
Feb 04, 2019 22:32:14.406 [0x7fe0b457b780] INFO - [I] tvbutler_aux_t::init
Feb 04, 2019 22:32:14.407 [0x7fe0b457b780] INFO - [I] web_server_t::start. Starting web server on port 32600
Feb 04, 2019 22:32:22.892 [0x7fe0add40700] INFO - [I] web_service_t::process_device_discovery
Feb 04, 2019 22:32:22.892 [0x7fe0add40700] INFO - [I] device_reactor_t::get_device_list ()
Feb 04, 2019 22:32:22.892 [0x7fe0add40700] INFO - [I] dvb_device_factory_t::get_device_list ()
Feb 04, 2019 22:32:24.896 [0x7fe0add40700] INFO - [I] SAT2IP - discover_satip_servers(): no servers found
Feb 04, 2019 22:32:25.302 [0x7fe0add40700] INFO - [I] v4l::DeviceGetList_impl. getting v4l device list
Feb 04, 2019 22:32:25.307 [0x7fe0add40700] INFO - [I] onetv_factory::DeviceGetListEx >>
Feb 04, 2019 22:32:25.307 [0x7fe0add40700] WARN - [W] onetv_factory::DeviceGetListEx. libusb_init returned an error -99
Feb 04, 2019 22:41:30.444 [0x7fe0b457b780] INFO - [I] Received SIGTERM: Software termination signal.
Feb 04, 2019 22:41:30.445 [0x7fe0b457b780] DEBUG - Unable to lock named mutex F8EEB26D-AB23-4061-8250-130AB5285A4A: Interrupted system call
Feb 04, 2019 22:41:30.445 [0x7fe0b457b780] INFO - [I] device_manager_t::term
Feb 04, 2019 22:41:30.445 [0x7fe0b457b780] INFO - [I] device_manager_t::term. Stop all devices
Feb 04, 2019 22:41:30.445 [0x7fe0b457b780] INFO - [I] device_manager_t::term. Shut down all device auxes
Feb 04, 2019 22:41:30.445 [0x7fe0b457b780] INFO - [I] tvbutler_aux_t::term
Feb 04, 2019 22:41:30.450 [0x7fe0b457b780] INFO - [I] web_server_t::stop. Web server is stopped
Feb 04, 2019 22:41:30.450 [0x7fe0b457b780] INFO - [I] device_manager_t::term
Feb 04, 2019 22:41:30.450 [0x7fe0b457b780] INFO - [I] device_manager_t::term. Stop all devices
Feb 04, 2019 22:41:30.450 [0x7fe0b457b780] INFO - [I] device_manager_t::term. Shut down all device auxes
Feb 04, 2019 22:41:30.450 [0x7fe0b457b780] INFO - [I] broker_t::shutdown. Shutdown is completed.
